<?xml version="1.0" encoding="UTF-8"?>
<testng-results skipped="0" failed="0" ignored="0" total="1" passed="1">
  <reporter-output>
    <line>
      <![CDATA[hi]]>
    </line>
  </reporter-output>
  <suite name="Default suite" duration-ms="231" started-at="2018-08-24T13:41:18Z" finished-at="2018-08-24T13:41:18Z">
    <groups>
    </groups>
    <test name="Default test" duration-ms="231" started-at="2018-08-24T13:41:18Z" finished-at="2018-08-24T13:41:18Z">
      <class name="com.actitime.tests.TestA">
        <test-method status="PASS" signature="create()[pri:0, instance:com.actitime.tests.TestA@47c62251]" name="create" duration-ms="116" started-at="2018-08-24T13:41:18Z" finished-at="2018-08-24T13:41:18Z">
          <reporter-output>
            <line>
              <![CDATA[hi]]>
            </line>
          </reporter-output>
        </test-method> <!-- create -->
      </class> <!-- com.actitime.tests.TestA -->
    </test> <!-- Default test -->
  </suite> <!-- Default suite -->
</testng-results>
